<?xml version="1.0" encoding="UTF-8"?>
<!-- Generated by org.testng.reporters.JUnitReportReporter -->
<testsuite hostname="uma" failures="0" tests="1" name="testCases.TC002_LoginTest" time="2.640" errors="0" timestamp="2024-11-12T18:42:06 IST" skipped="0">
  <testcase classname="testCases.TC002_LoginTest" name="verify_login" time="2.640"/>
</testsuite> <!-- testCases.TC002_LoginTest -->
