<?xml version="1.0" encoding="UTF-8"?>
<!-- Generated by org.testng.reporters.JUnitReportReporter -->
<testsuite hostname="uma" failures="0" tests="1" name="testCases.TC001_AccountRegistrationTest" time="8.223" errors="0" timestamp="2024-11-12T18:42:06 IST" skipped="0">
  <testcase classname="testCases.TC001_AccountRegistrationTest" name="verify_account_registration" time="8.223"/>
</testsuite> <!-- testCases.TC001_AccountRegistrationTest -->
